-------------------------------------------------------------------------------
Test set: com.pillar.civicsquiz.integration_test.IntegrationTest
-------------------------------------------------------------------------------
Tests run: 3, Failures: 1, Errors: 0, Skipped: 1, Time elapsed: 18.667 s <<< FAILURE! - in com.pillar.civicsquiz.integration_test.IntegrationTest
saveOneAndViewTheOne(com.pillar.civicsquiz.integration_test.IntegrationTest)  Time elapsed: 0.139 s  <<< FAILURE!
java.lang.AssertionError: expected:<com.pillar.civicsquiz.Inquiry@79483b20> but was:<com.pillar.civicsquiz.Inquiry@215abe22>
	at com.pillar.civicsquiz.integration_test.IntegrationTest.saveOneAndViewTheOne(IntegrationTest.java:65)

